<?xml version="1.0" encoding="UTF-8"?>
<!-- Generated by org.testng.reporters.JUnitXMLReporter -->
<testsuite ignored="0" hostname="DESKTOP-31C5BKQ" failures="0" tests="4" name="API_Test" time="13.286" errors="0" timestamp="2024-08-28T18:35:24 IST">
  <testcase classname="com.api.testmethods.TestCreateToken" name="test_create_token_API" time="4.219"/>
  <testcase classname="com.api.testmethods.TestCreateBooking" name="Test_Create_Booking_API" time="2.88"/>
  <testcase classname="com.api.testmethods.TestGetBookingIDs" name="Get_Booking_API" time="3.279"/>
  <testcase classname="com.api.testmethods.TestGetAllBookings" name="Get_Bookings_API" time="2.004"/>
</testsuite> <!-- API_Test -->
