<?xml version="1.0" encoding="UTF-8"?>
<testng-results ignored="0" total="1" passed="1" failed="0" skipped="0">
  <reporter-output>
  </reporter-output>
  <suite started-at="2024-08-17T12:16:06 IST" name="Default suite" finished-at="2024-08-17T12:16:10 IST" duration-ms="4490">
    <groups>
      <group name="smoke">
        <method signature="CreateTokenTest.test_create_token_API()[pri:0, instance:com.api.tests.CreateTokenTest@1a942c18]" name="test_create_token_API" class="com.api.tests.CreateTokenTest"/>
      </group> <!-- smoke -->
      <group name="sanity">
        <method signature="CreateTokenTest.test_create_token_API()[pri:0, instance:com.api.tests.CreateTokenTest@1a942c18]" name="test_create_token_API" class="com.api.tests.CreateTokenTest"/>
      </group> <!-- sanity -->
      <group name="e2e">
        <method signature="CreateTokenTest.test_create_token_API()[pri:0, instance:com.api.tests.CreateTokenTest@1a942c18]" name="test_create_token_API" class="com.api.tests.CreateTokenTest"/>
      </group> <!-- e2e -->
    </groups>
    <test started-at="2024-08-17T12:16:06 IST" name="Default test" finished-at="2024-08-17T12:16:10 IST" duration-ms="4490">
      <class name="com.api.tests.CreateTokenTest">
        <test-method is-config="true" signature="setup()[pri:0, instance:com.api.tests.CreateTokenTest@1a942c18]" started-at="2024-08-17T12:16:06 IST" name="setup" description="setting up the BaseURL for API using properties file" finished-at="2024-08-17T12:16:06 IST" duration-ms="523" status="PASS">
          <reporter-output>
          </reporter-output>
        </test-method> <!-- setup -->
        <test-method signature="test_create_token_API()[pri:0, instance:com.api.tests.CreateTokenTest@1a942c18]" started-at="2024-08-17T12:16:06 IST" name="test_create_token_API" description="verify that token has been created after run this API" finished-at="2024-08-17T12:16:10 IST" duration-ms="3905" status="PASS">
          <reporter-output>
          </reporter-output>
        </test-method> <!-- test_create_token_API -->
      </class> <!-- com.api.tests.CreateTokenTest -->
    </test> <!-- Default test -->
  </suite> <!-- Default suite -->
</testng-results>
